  Animation.cpp
  Atlas.cpp
  Background.cpp
  BaseCollision.cpp
  Camera.cpp
  Circle.cpp
  CircleCollider.cpp
  Color.cpp
  Engine.cpp
  Entity.cpp
  Layer.cpp
  Music.cpp
  NullAudio.cpp
  NullCollision.cpp
  NullGraphic.cpp
  NullInput.cpp
  NullLogger.cpp
  NullScene.cpp
  NullTimer.cpp
  ImageLayer.cpp
  Generating Code...
  Compiling...
  ObjectFactory.cpp
  ObjectLayer.cpp
  Point.cpp
  Rectangle.cpp
  RectCollider.cpp
  SceneManager.cpp
  SdlAudio.cpp
  SdlGraphics.cpp
  FileLogger.cpp
  SdlInput.cpp
  SdlTimer.cpp
  Sound.cpp
  Sprite.cpp
  StdLogger.cpp
  Text.cpp
  TileLayer.cpp
  TileMap.cpp
  TileProperty.cpp
  Tileset.cpp
  Transform.cpp
  Generating Code...
  Compiling...
  VsLogger.cpp
  World.cpp
  Generating Code...
  bartengine.vcxproj -> C:\Users\1430076\Desktop\ClimberPuzzle\Debug\bartengine.lib
  Copy SDL2.0 dll to the output folder
  ..\externals\lib\x86\libFLAC-8.dll
  ..\externals\lib\x86\libfreetype-6.dll
  ..\externals\lib\x86\libjpeg-9.dll
  ..\externals\lib\x86\libmodplug-1.dll
  ..\externals\lib\x86\libmpg123-0.dll
  ..\externals\lib\x86\libogg-0.dll
  ..\externals\lib\x86\libopus-0.dll
  ..\externals\lib\x86\libopusfile-0.dll
  ..\externals\lib\x86\libpng16-16.dll
  ..\externals\lib\x86\libtiff-5.dll
  ..\externals\lib\x86\libvorbis-0.dll
  ..\externals\lib\x86\libvorbisfile-3.dll
  ..\externals\lib\x86\libwebp-7.dll
  ..\externals\lib\x86\SDL2.dll
  ..\externals\lib\x86\SDL2_image.dll
  ..\externals\lib\x86\SDL2_mixer.dll
  ..\externals\lib\x86\SDL2_ttf.dll
  ..\externals\lib\x86\zlib1.dll
         18 fichier(s) copié(s).
